<?xml version="1.0" encoding="UTF-8"?>
<testng-results ignored="0" total="2" passed="2" failed="0" skipped="0">
  <reporter-output>
  </reporter-output>
  <suite started-at="2021-08-30T18:00:23 IST" name="Default suite" finished-at="2021-08-30T18:00:46 IST" duration-ms="23258">
    <groups>
      <group name="cucumber">
        <method signature="AbstractTestNGCucumberTests.runScenario(io.cucumber.testng.PickleWrapper, io.cucumber.testng.FeatureWrapper)[pri:0, instance:runner.Run1@e7edb54]" name="runScenario" class="io.cucumber.testng.AbstractTestNGCucumberTests"/>
      </group> <!-- cucumber -->
    </groups>
    <test started-at="2021-08-30T18:00:23 IST" name="Default test" finished-at="2021-08-30T18:00:46 IST" duration-ms="23258">
      <class name="runner.Run1">
        <test-method is-config="true" signature="setUpClass()[pri:0, instance:runner.Run1@e7edb54]" started-at="2021-08-30T18:00:23 IST" name="setUpClass" finished-at="2021-08-30T18:00:24 IST" duration-ms="411" status="PASS">
          <reporter-output>
          </reporter-output>
        </test-method> <!-- setUpClass -->
        <test-method signature="runScenario(io.cucumber.testng.PickleWrapper, io.cucumber.testng.FeatureWrapper)[pri:0, instance:runner.Run1@e7edb54]" started-at="2021-08-30T18:00:24 IST" name="runScenario" description="Runs Cucumber Scenarios" data-provider="scenarios" finished-at="2021-08-30T18:00:36 IST" duration-ms="12736" status="PASS">
          <params>
            <param index="0">
              <value>
                <![CDATA["to test the login of PHP"]]>
              </value>
            </param>
            <param index="1">
              <value>
                <![CDATA["Optional[To test the PHP application]"]]>
              </value>
            </param>
          </params>
          <reporter-output>
          </reporter-output>
        </test-method> <!-- runScenario -->
        <test-method signature="runScenario(io.cucumber.testng.PickleWrapper, io.cucumber.testng.FeatureWrapper)[pri:0, instance:runner.Run1@e7edb54]" started-at="2021-08-30T18:00:36 IST" name="runScenario" description="Runs Cucumber Scenarios" data-provider="scenarios" finished-at="2021-08-30T18:00:46 IST" duration-ms="9996" status="PASS">
          <params>
            <param index="0">
              <value>
                <![CDATA["to test the invalidlogin of PHP"]]>
              </value>
            </param>
            <param index="1">
              <value>
                <![CDATA["Optional[To test the PHP application]"]]>
              </value>
            </param>
          </params>
          <reporter-output>
          </reporter-output>
        </test-method> <!-- runScenario -->
        <test-method is-config="true" signature="tearDownClass()[pri:0, instance:runner.Run1@e7edb54]" started-at="2021-08-30T18:00:46 IST" name="tearDownClass" finished-at="2021-08-30T18:00:46 IST" duration-ms="44" status="PASS">
          <reporter-output>
          </reporter-output>
        </test-method> <!-- tearDownClass -->
      </class> <!-- runner.Run1 -->
    </test> <!-- Default test -->
  </suite> <!-- Default suite -->
</testng-results>
