<?xml version="1.0" encoding="UTF-8"?>
<!-- Generated by org.testng.reporters.JUnitXMLReporter -->
<testsuite ignored="0" hostname="DESKTOP-17RC72H" failures="3" tests="3" name="TestCases" time="2.132" errors="0" timestamp="2021-08-28T14:26:29 IST">
  <testcase classname="io.cucumber.testng.AbstractTestNGCucumberTests" name="runScenario" time="0.598">
    <failure type="io.cucumber.core.runner.DuplicateStepDefinitionException" message="Duplicate step definitions in stepDefinition.Script1.open_chrome_browser_and_url_of_the_application() and stepDefinition.Script2.open_chrome_browser_and_url_of_the_application()">
      <![CDATA[io.cucumber.core.runner.DuplicateStepDefinitionException: Duplicate step definitions in stepDefinition.Script1.open_chrome_browser_and_url_of_the_application() and stepDefinition.Script2.open_chrome_browser_and_url_of_the_application()
at io.cucumber.core.runner.CachingGlue.lambda$prepareGlue$3(CachingGlue.java:249)
at java.base/java.util.ArrayList.forEach(ArrayList.java:1511)
at io.cucumber.core.runner.CachingGlue.prepareGlue(CachingGlue.java:243)
at io.cucumber.core.runner.Runner.runPickle(Runner.java:68)
at io.cucumber.testng.TestNGCucumberRunner.lambda$runScenario$0(TestNGCucumberRunner.java:116)
at io.cucumber.core.runtime.CucumberExecutionContext.runTestCase(CucumberExecutionContext.java:117)
at io.cucumber.testng.TestNGCucumberRunner.runScenario(TestNGCucumberRunner.java:113)
at io.cucumber.testng.AbstractTestNGCucumberTests.runScenario(AbstractTestNGCucumberTests.java:31)
at java.base/java.util.ArrayList.forEach(ArrayList.java:1511)
... Removed 27 stack frames]]>
    </failure>
  </testcase> <!-- runScenario -->
  <testcase classname="io.cucumber.testng.AbstractTestNGCucumberTests" name="runScenario" time="0.031">
    <failure type="io.cucumber.core.runner.DuplicateStepDefinitionException" message="Duplicate step definitions in stepDefinition.Script1.open_chrome_browser_and_url_of_the_application() and stepDefinition.Script2.open_chrome_browser_and_url_of_the_application()">
      <![CDATA[io.cucumber.core.runner.DuplicateStepDefinitionException: Duplicate step definitions in stepDefinition.Script1.open_chrome_browser_and_url_of_the_application() and stepDefinition.Script2.open_chrome_browser_and_url_of_the_application()
at io.cucumber.core.runner.CachingGlue.lambda$prepareGlue$3(CachingGlue.java:249)
at java.base/java.util.ArrayList.forEach(ArrayList.java:1511)
at io.cucumber.core.runner.CachingGlue.prepareGlue(CachingGlue.java:243)
at io.cucumber.core.runner.Runner.runPickle(Runner.java:68)
at io.cucumber.testng.TestNGCucumberRunner.lambda$runScenario$0(TestNGCucumberRunner.java:116)
at io.cucumber.core.runtime.CucumberExecutionContext.runTestCase(CucumberExecutionContext.java:117)
at io.cucumber.testng.TestNGCucumberRunner.runScenario(TestNGCucumberRunner.java:113)
at io.cucumber.testng.AbstractTestNGCucumberTests.runScenario(AbstractTestNGCucumberTests.java:31)
at java.base/java.util.ArrayList.forEach(ArrayList.java:1511)
... Removed 27 stack frames]]>
    </failure>
  </testcase> <!-- runScenario -->
  <testcase classname="io.cucumber.testng.AbstractTestNGCucumberTests" name="runScenario" time="0.01">
    <failure type="io.cucumber.core.runner.DuplicateStepDefinitionException" message="Duplicate step definitions in stepDefinition.Script1.open_chrome_browser_and_url_of_the_application() and stepDefinition.Script2.open_chrome_browser_and_url_of_the_application()">
      <![CDATA[io.cucumber.core.runner.DuplicateStepDefinitionException: Duplicate step definitions in stepDefinition.Script1.open_chrome_browser_and_url_of_the_application() and stepDefinition.Script2.open_chrome_browser_and_url_of_the_application()
at io.cucumber.core.runner.CachingGlue.lambda$prepareGlue$3(CachingGlue.java:249)
at java.base/java.util.ArrayList.forEach(ArrayList.java:1511)
at io.cucumber.core.runner.CachingGlue.prepareGlue(CachingGlue.java:243)
at io.cucumber.core.runner.Runner.runPickle(Runner.java:68)
at io.cucumber.testng.TestNGCucumberRunner.lambda$runScenario$0(TestNGCucumberRunner.java:116)
at io.cucumber.core.runtime.CucumberExecutionContext.runTestCase(CucumberExecutionContext.java:117)
at io.cucumber.testng.TestNGCucumberRunner.runScenario(TestNGCucumberRunner.java:113)
at io.cucumber.testng.AbstractTestNGCucumberTests.runScenario(AbstractTestNGCucumberTests.java:31)
at java.base/java.util.ArrayList.forEach(ArrayList.java:1511)
... Removed 27 stack frames]]>
    </failure>
  </testcase> <!-- runScenario -->
</testsuite> <!-- TestCases -->
